  Channal.cxx
D:\code\study\WebServer\include\Common.h(16,10): fatal error C1083: 无法打开包括文件: “sys/epoll.h”: No such file or directory
  Common.cxx
D:\code\study\WebServer\include\Common.h(16,10): fatal error C1083: 无法打开包括文件: “sys/epoll.h”: No such file or directory
  Epoller.cxx
D:\code\study\WebServer\include\Common.h(16,10): fatal error C1083: 无法打开包括文件: “sys/epoll.h”: No such file or directory
  EventLoop.cpp
D:\code\study\WebServer\include\Common.h(16,10): fatal error C1083: 无法打开包括文件: “sys/epoll.h”: No such file or directory
  EventLoopThread.cpp
D:\code\study\WebServer\include\Common.h(16,10): fatal error C1083: 无法打开包括文件: “sys/epoll.h”: No such file or directory
  Filetype.cxx
D:\code\study\WebServer\include\Common.h(16,10): fatal error C1083: 无法打开包括文件: “sys/epoll.h”: No such file or directory
  Log.cxx
D:\code\study\WebServer\include\Common.h(16,10): fatal error C1083: 无法打开包括文件: “sys/epoll.h”: No such file or directory
  main.cxx
D:\code\study\WebServer\src\main.cxx(11,10): fatal error C1083: 无法打开包括文件: “getopt.h”: No such file or directory
  Message.cxx
D:\code\study\WebServer\include\Common.h(16,10): fatal error C1083: 无法打开包括文件: “sys/epoll.h”: No such file or directory
  Server.cxx
D:\code\study\WebServer\include\Common.h(16,10): fatal error C1083: 无法打开包括文件: “sys/epoll.h”: No such file or directory
  Timer.cxx
D:\code\study\WebServer\include\Common.h(16,10): fatal error C1083: 无法打开包括文件: “sys/epoll.h”: No such file or directory
  EventLoopThreadPool.cpp
D:\code\study\WebServer\include\Common.h(16,10): fatal error C1083: 无法打开包括文件: “sys/epoll.h”: No such file or directory
  正在生成代码...
